[debug] [2023-08-23T12:58:41.215Z] ----------------------------------------------------------------------
[debug] [2023-08-23T12:58:41.217Z] Command:       C:\Program Files\nodejs\node.exe C:\Users\amax_\AppData\Roaming\npm\node_modules\firebase-tools\lib\bin\firebase.js emulators:start
[debug] [2023-08-23T12:58:41.218Z] CLI Version:   12.4.8
[debug] [2023-08-23T12:58:41.218Z] Platform:      win32
[debug] [2023-08-23T12:58:41.218Z] Node Version:  v18.14.0
[debug] [2023-08-23T12:58:41.219Z] Time:          Wed Aug 23 2023 16:58:41 GMT+0400 (Gulf Standard Time)
[debug] [2023-08-23T12:58:41.219Z] ----------------------------------------------------------------------
[debug] 
[debug] [2023-08-23T12:58:41.222Z] >>> [apiv2][query] GET https://firebase-public.firebaseio.com/cli.json [none]
[debug] [2023-08-23T12:58:41.361Z] > command requires scopes: ["email","openid","https://www.googleapis.com/auth/cloudplatformprojects.readonly","https://www.googleapis.com/auth/firebase","https://www.googleapis.com/auth/cloud-platform"]
[debug] [2023-08-23T12:58:41.362Z] > authorizing via signed-in user (ahmadmehdawi2013@gmail.com)
[info] i  emulators: Starting emulators: functions, hosting {"metadata":{"emulator":{"name":"hub"},"message":"Starting emulators: functions, hosting"}}
[debug] [2023-08-23T12:58:41.380Z] [logging] Logging Emulator only supports listening on one address (127.0.0.1). Not listening on ::1
[debug] [2023-08-23T12:58:41.380Z] [hosting] Hosting Emulator only supports listening on one address (127.0.0.1). Not listening on ::1
[debug] [2023-08-23T12:58:41.380Z] assigned listening specs for emulators {"user":{"hub":[{"address":"127.0.0.1","family":"IPv4","port":4400},{"address":"::1","family":"IPv6","port":4400}],"ui":[{"address":"127.0.0.1","family":"IPv4","port":4000},{"address":"::1","family":"IPv6","port":4000}],"logging":[{"address":"127.0.0.1","family":"IPv4","port":4500}],"hosting":[{"address":"127.0.0.1","family":"IPv4","port":5000}]},"metadata":{"message":"assigned listening specs for emulators"}}
[debug] [2023-08-23T12:58:41.391Z] [hub] writing locator at C:\Users\amax_\AppData\Local\Temp\hub-clone-8795b.json
[debug] [2023-08-23T12:58:41.408Z] [functions] Functions Emulator only supports listening on one address (127.0.0.1). Not listening on ::1
[debug] [2023-08-23T12:58:41.408Z] [eventarc] Eventarc Emulator only supports listening on one address (127.0.0.1). Not listening on ::1
[debug] [2023-08-23T12:58:41.408Z] late-assigned ports for functions and eventarc emulators {"user":{"hub":[{"address":"127.0.0.1","family":"IPv4","port":4400},{"address":"::1","family":"IPv6","port":4400}],"ui":[{"address":"127.0.0.1","family":"IPv4","port":4000},{"address":"::1","family":"IPv6","port":4000}],"logging":[{"address":"127.0.0.1","family":"IPv4","port":4500}],"hosting":[{"address":"127.0.0.1","family":"IPv4","port":5000}],"functions":[{"address":"127.0.0.1","family":"IPv4","port":5001}],"eventarc":[{"address":"127.0.0.1","family":"IPv4","port":9299}]},"metadata":{"message":"late-assigned ports for functions and eventarc emulators"}}
[warn] !  functions: The following emulators are not running, calls to these services from the Functions emulator will affect production: auth, firestore, database, pubsub, storage {"metadata":{"emulator":{"name":"functions"},"message":"The following emulators are not running, calls to these services from the Functions emulator will affect production: \u001b[1mauth, firestore, database, pubsub, storage\u001b[22m"}}
[debug] [2023-08-23T12:58:41.411Z] defaultcredentials: writing to file C:\Users\amax_\AppData\Roaming\firebase\ahmadmehdawi2013_gmail_com_application_default_credentials.json
[debug] [2023-08-23T12:58:41.414Z] Setting GAC to C:\Users\amax_\AppData\Roaming\firebase\ahmadmehdawi2013_gmail_com_application_default_credentials.json {"metadata":{"emulator":{"name":"functions"},"message":"Setting GAC to C:\\Users\\amax_\\AppData\\Roaming\\firebase\\ahmadmehdawi2013_gmail_com_application_default_credentials.json"}}
[debug] [2023-08-23T12:58:41.415Z] > refreshing access token with scopes: []
[debug] [2023-08-23T12:58:41.416Z] >>> [apiv2][query] POST https://www.googleapis.com/oauth2/v3/token [none]
[debug] [2023-08-23T12:58:41.416Z] >>> [apiv2][body] POST https://www.googleapis.com/oauth2/v3/token [omitted]
[debug] [2023-08-23T12:58:41.766Z] <<< [apiv2][status] POST https://www.googleapis.com/oauth2/v3/token 200
[debug] [2023-08-23T12:58:41.767Z] <<< [apiv2][body] POST https://www.googleapis.com/oauth2/v3/token [omitted]
[debug] [2023-08-23T12:58:41.772Z] >>> [apiv2][query] GET https://firebase.googleapis.com/v1beta1/projects/clone-8795b/adminSdkConfig [none]
[debug] [2023-08-23T12:58:41.902Z] <<< [apiv2][status] GET https://firebase-public.firebaseio.com/cli.json 200
[debug] [2023-08-23T12:58:41.903Z] <<< [apiv2][body] GET https://firebase-public.firebaseio.com/cli.json {"cloudBuildErrorAfter":1594252800000,"cloudBuildWarnAfter":1590019200000,"defaultNode10After":1594252800000,"minVersion":"3.0.5","node8DeploysDisabledAfter":1613390400000,"node8RuntimeDisabledAfter":1615809600000,"node8WarnAfter":1600128000000}
[debug] [2023-08-23T12:58:42.254Z] <<< [apiv2][status] GET https://firebase.googleapis.com/v1beta1/projects/clone-8795b/adminSdkConfig 200
[debug] [2023-08-23T12:58:42.254Z] <<< [apiv2][body] GET https://firebase.googleapis.com/v1beta1/projects/clone-8795b/adminSdkConfig {"projectId":"clone-8795b","storageBucket":"clone-8795b.appspot.com"}
[debug] [2023-08-23T12:58:42.265Z] >>> [apiv2][query] GET https://firebasehosting.googleapis.com/v1beta1/projects/clone-8795b/sites 
[debug] [2023-08-23T12:58:44.037Z] <<< [apiv2][status] GET https://firebasehosting.googleapis.com/v1beta1/projects/clone-8795b/sites 200
[debug] [2023-08-23T12:58:44.037Z] <<< [apiv2][body] GET https://firebasehosting.googleapis.com/v1beta1/projects/clone-8795b/sites {"sites":[{"name":"projects/clone-8795b/sites/clone-8795b","defaultUrl":"https://clone-8795b.web.app","appId":"1:426473387530:web:060ca1f3018973a13151f3","type":"DEFAULT_SITE"}]}
[debug] [2023-08-23T12:58:44.038Z] >>> [apiv2][query] GET https://firebase.googleapis.com/v1beta1/projects/clone-8795b/webApps/1:426473387530:web:060ca1f3018973a13151f3/config [none]
[debug] [2023-08-23T12:58:44.997Z] <<< [apiv2][status] GET https://firebase.googleapis.com/v1beta1/projects/clone-8795b/webApps/1:426473387530:web:060ca1f3018973a13151f3/config 200
[debug] [2023-08-23T12:58:44.997Z] <<< [apiv2][body] GET https://firebase.googleapis.com/v1beta1/projects/clone-8795b/webApps/1:426473387530:web:060ca1f3018973a13151f3/config {"projectId":"clone-8795b","appId":"1:426473387530:web:060ca1f3018973a13151f3","storageBucket":"clone-8795b.appspot.com","apiKey":"AIzaSyBsVSU1EKELvECn-PEzB4vbXuy9t9yD3Sw","authDomain":"clone-8795b.firebaseapp.com","messagingSenderId":"426473387530","measurementId":"G-JBJ2JQSW39"}
[debug] [2023-08-23T12:58:45.001Z] >>> [apiv2][query] GET https://firebase.googleapis.com/v1beta1/projects/clone-8795b [none]
[debug] [2023-08-23T12:58:45.487Z] <<< [apiv2][status] GET https://firebase.googleapis.com/v1beta1/projects/clone-8795b 200
[debug] [2023-08-23T12:58:45.487Z] <<< [apiv2][body] GET https://firebase.googleapis.com/v1beta1/projects/clone-8795b {"projectId":"clone-8795b","projectNumber":"426473387530","displayName":"amazon-clone","name":"projects/clone-8795b","resources":{"hostingSite":"clone-8795b"},"state":"ACTIVE","etag":"1_c873cda6-1828-43b9-8de0-b0a33a2b7a21"}
[info] i  hosting[clone-8795b]: Serving hosting files from: build {"metadata":{"emulator":{"name":"hosting"},"message":"Serving hosting files from: \u001b[1mbuild\u001b[22m"}}
[info] +  hosting[clone-8795b]: Local server: http://127.0.0.1:5000 {"metadata":{"emulator":{"name":"hosting"},"message":"Local server: \u001b[4m\u001b[1mhttp://127.0.0.1:5000\u001b[22m\u001b[24m"}}
[debug] [2023-08-23T12:58:45.513Z] Ignoring unsupported arg: auto_download {"metadata":{"emulator":{"name":"ui"},"message":"Ignoring unsupported arg: auto_download"}}
[debug] [2023-08-23T12:58:45.513Z] Ignoring unsupported arg: port {"metadata":{"emulator":{"name":"ui"},"message":"Ignoring unsupported arg: port"}}
[debug] [2023-08-23T12:58:45.513Z] Starting Emulator UI with command {"binary":"node","args":["C:\\Users\\amax_\\.cache\\firebase\\emulators\\ui-v1.11.7\\server\\server.js"],"optionalArgs":[],"joinArgs":false} {"metadata":{"emulator":{"name":"ui"},"message":"Starting Emulator UI with command {\"binary\":\"node\",\"args\":[\"C:\\\\Users\\\\amax_\\\\.cache\\\\firebase\\\\emulators\\\\ui-v1.11.7\\\\server\\\\server.js\"],\"optionalArgs\":[],\"joinArgs\":false}"}}
[info] i  ui: Emulator UI logging to ui-debug.log {"metadata":{"emulator":{"name":"ui"},"message":"Emulator UI logging to \u001b[1mui-debug.log\u001b[22m"}}
[debug] [2023-08-23T12:58:45.636Z] Web / API server started at 127.0.0.1:4000
 {"metadata":{"emulator":{"name":"ui"},"message":"Web / API server started at 127.0.0.1:4000\n"}}
[debug] [2023-08-23T12:58:45.637Z] Web / API server started at ::1:4000
 {"metadata":{"emulator":{"name":"ui"},"message":"Web / API server started at ::1:4000\n"}}
[info] i  functions: Watching "C:\Users\amax_\amazon-clone\functions" for Cloud Functions... {"metadata":{"emulator":{"name":"functions"},"message":"Watching \"C:\\Users\\amax_\\amazon-clone\\functions\" for Cloud Functions..."}}
[debug] [2023-08-23T12:58:45.785Z] Validating nodejs source
[debug] [2023-08-23T12:58:47.686Z] > [functions] package.json contents: {
  "name": "functions",
  "description": "Cloud Functions for Firebase",
  "scripts": {
    "lint": "eslint .",
    "serve": "firebase emulators:start --only functions",
    "shell": "firebase functions:shell",
    "start": "npm run shell",
    "deploy": "firebase deploy --only functions",
    "logs": "firebase functions:log"
  },
  "engines": {
    "node": "18"
  },
  "main": "index.js",
  "dependencies": {
    "cors": "^2.8.5",
    "express": "^4.18.2",
    "firebase-admin": "^11.8.0",
    "firebase-functions": "^4.3.1",
    "stripe": "^13.2.0"
  },
  "devDependencies": {
    "eslint": "^8.15.0",
    "eslint-config-google": "^0.14.0",
    "firebase-functions-test": "^3.1.0"
  },
  "private": true
}
[debug] [2023-08-23T12:58:47.686Z] Building nodejs source
[debug] [2023-08-23T12:58:47.686Z] Failed to find version of module node: reached end of search path C:\Users\amax_\amazon-clone\functions\node_modules
[info] +  functions: Using node@18 from host. 
[debug] [2023-08-23T12:58:47.688Z] Could not find functions.yaml. Must use http discovery
[debug] [2023-08-23T12:58:47.696Z] Found firebase-functions binary at 'C:\Users\amax_\amazon-clone\functions\node_modules\.bin\firebase-functions'
[info] Serving at port 8747

[debug] [2023-08-23T12:58:48.600Z] Got response from /__/functions.yaml {"endpoints":{"api":{"platform":"gcfv1","availableMemoryMb":null,"timeoutSeconds":null,"minInstances":null,"maxInstances":null,"ingressSettings":null,"serviceAccountEmail":null,"vpc":null,"httpsTrigger":{},"entryPoint":"api"}},"specVersion":"v1alpha1","requiredAPIs":[]}
[info] shutdown requested via /__/quitquitquit

[info] +  functions: Loaded functions definitions from source: api. {"metadata":{"emulator":{"name":"functions"},"message":"Loaded functions definitions from source: api."}}
[info] +  functions[us-central1-api]: http function initialized (http://127.0.0.1:5001/clone-8795b/us-central1/api). {"metadata":{"emulator":{"name":"functions"},"message":"\u001b[1mhttp\u001b[22m function initialized (http://127.0.0.1:5001/clone-8795b/us-central1/api)."}}
[info] 
┌─────────────────────────────────────────────────────────────┐
│ ✔  All emulators ready! It is now safe to connect your app. │
│ i  View Emulator UI at http://127.0.0.1:4000/               │
└─────────────────────────────────────────────────────────────┘

┌───────────┬────────────────┬─────────────────────────────────┐
│ Emulator  │ Host:Port      │ View in Emulator UI             │
├───────────┼────────────────┼─────────────────────────────────┤
│ Functions │ 127.0.0.1:5001 │ http://127.0.0.1:4000/functions │
├───────────┼────────────────┼─────────────────────────────────┤
│ Hosting   │ 127.0.0.1:5000 │ n/a                             │
└───────────┴────────────────┴─────────────────────────────────┘
  Emulator Hub running at 127.0.0.1:4400
  Other reserved ports: 4500

Issues? Report them at https://github.com/firebase/firebase-tools/issues and attach the *-debug.log files.
 
[debug] [2023-08-23T12:59:00.152Z] [work-queue] {"queuedWork":["/clone-8795b/us-central1/api/payments/create-2023-08-23T12:59:00.152Z"],"queueLength":1,"runningWork":[],"workRunningCount":0}
[debug] [2023-08-23T12:59:00.153Z] [work-queue] {"queuedWork":[],"queueLength":0,"runningWork":["/clone-8795b/us-central1/api/payments/create-2023-08-23T12:59:00.152Z"],"workRunningCount":1}
[debug] [2023-08-23T12:59:00.153Z] Accepted request POST /clone-8795b/us-central1/api/payments/create?total=6000 --> us-central1-api
[debug] [2023-08-23T12:59:00.156Z] [functions] Runtime ready! Sending request! {"metadata":{"emulator":{"name":"functions"},"message":"[functions] Runtime ready! Sending request!"}}
[debug] [2023-08-23T12:59:00.157Z] [functions] Got req.url=/clone-8795b/us-central1/api/payments/create?total=6000, mapping to path=/payments/create?total=6000 {"metadata":{"emulator":{"name":"functions"},"message":"[functions] Got req.url=/clone-8795b/us-central1/api/payments/create?total=6000, mapping to path=/payments/create?total=6000"}}
[debug] [2023-08-23T12:59:00.176Z] [worker-pool] addWorker(us-central1-api) {"metadata":{"emulator":{"name":"functions"},"message":"[worker-pool] addWorker(us-central1-api)"}}
[debug] [2023-08-23T12:59:00.177Z] [worker-pool] Adding worker with key us-central1-api, total=1 {"metadata":{"emulator":{"name":"functions"},"message":"[worker-pool] Adding worker with key us-central1-api, total=1"}}
[debug] [2023-08-23T12:59:00.180Z] [work-queue] {"queuedWork":["/clone-8795b/us-central1/api/payments/create-2023-08-23T12:59:00.179Z"],"queueLength":1,"runningWork":["/clone-8795b/us-central1/api/payments/create-2023-08-23T12:59:00.152Z"],"workRunningCount":1}
[debug] [2023-08-23T12:59:00.180Z] [work-queue] {"queuedWork":[],"queueLength":0,"runningWork":["/clone-8795b/us-central1/api/payments/create-2023-08-23T12:59:00.152Z","/clone-8795b/us-central1/api/payments/create-2023-08-23T12:59:00.179Z"],"workRunningCount":2}
[debug] [2023-08-23T12:59:00.180Z] Accepted request POST /clone-8795b/us-central1/api/payments/create?total=6000 --> us-central1-api
[debug] [2023-08-23T12:59:00.181Z] [functions] Runtime ready! Sending request! {"metadata":{"emulator":{"name":"functions"},"message":"[functions] Runtime ready! Sending request!"}}
[debug] [2023-08-23T12:59:00.181Z] [functions] Got req.url=/clone-8795b/us-central1/api/payments/create?total=6000, mapping to path=/payments/create?total=6000 {"metadata":{"emulator":{"name":"functions"},"message":"[functions] Got req.url=/clone-8795b/us-central1/api/payments/create?total=6000, mapping to path=/payments/create?total=6000"}}
[debug] [2023-08-23T12:59:00.187Z] [worker-pool] addWorker(us-central1-api) {"metadata":{"emulator":{"name":"functions"},"message":"[worker-pool] addWorker(us-central1-api)"}}
[debug] [2023-08-23T12:59:00.188Z] [worker-pool] Adding worker with key us-central1-api, total=2 {"metadata":{"emulator":{"name":"functions"},"message":"[worker-pool] Adding worker with key us-central1-api, total=2"}}
[debug] [2023-08-23T12:59:01.482Z] [runtime-status] [32984] Resolved module firebase-admin {"declared":true,"installed":true,"version":"11.10.1","resolution":"C:\\Users\\amax_\\amazon-clone\\functions\\node_modules\\firebase-admin\\lib\\index.js"} {"metadata":{"emulator":{"name":"functions"},"function":{"name":"us-central1-api"},"extension":{},"message":"[runtime-status] [32984] Resolved module firebase-admin {\"declared\":true,\"installed\":true,\"version\":\"11.10.1\",\"resolution\":\"C:\\\\Users\\\\amax_\\\\amazon-clone\\\\functions\\\\node_modules\\\\firebase-admin\\\\lib\\\\index.js\"}"}}
[debug] [2023-08-23T12:59:01.484Z] [runtime-status] [32984] Resolved module firebase-functions {"declared":true,"installed":true,"version":"4.4.1","resolution":"C:\\Users\\amax_\\amazon-clone\\functions\\node_modules\\firebase-functions\\lib\\v1\\index.js"} {"metadata":{"emulator":{"name":"functions"},"function":{"name":"us-central1-api"},"extension":{},"message":"[runtime-status] [32984] Resolved module firebase-functions {\"declared\":true,\"installed\":true,\"version\":\"4.4.1\",\"resolution\":\"C:\\\\Users\\\\amax_\\\\amazon-clone\\\\functions\\\\node_modules\\\\firebase-functions\\\\lib\\\\v1\\\\index.js\"}"}}
[debug] [2023-08-23T12:59:01.485Z] [runtime-status] [32984] Outgoing network have been stubbed. [{"name":"http","status":"mocked"},{"name":"http","status":"mocked"},{"name":"https","status":"mocked"},{"name":"https","status":"mocked"},{"name":"net","status":"mocked"}] {"metadata":{"emulator":{"name":"functions"},"function":{"name":"us-central1-api"},"extension":{},"message":"[runtime-status] [32984] Outgoing network have been stubbed. [{\"name\":\"http\",\"status\":\"mocked\"},{\"name\":\"http\",\"status\":\"mocked\"},{\"name\":\"https\",\"status\":\"mocked\"},{\"name\":\"https\",\"status\":\"mocked\"},{\"name\":\"net\",\"status\":\"mocked\"}]"}}
[debug] [2023-08-23T12:59:01.485Z] [runtime-status] [42904] Resolved module firebase-admin {"declared":true,"installed":true,"version":"11.10.1","resolution":"C:\\Users\\amax_\\amazon-clone\\functions\\node_modules\\firebase-admin\\lib\\index.js"} {"metadata":{"emulator":{"name":"functions"},"function":{"name":"us-central1-api"},"extension":{},"message":"[runtime-status] [42904] Resolved module firebase-admin {\"declared\":true,\"installed\":true,\"version\":\"11.10.1\",\"resolution\":\"C:\\\\Users\\\\amax_\\\\amazon-clone\\\\functions\\\\node_modules\\\\firebase-admin\\\\lib\\\\index.js\"}"}}
[debug] [2023-08-23T12:59:01.486Z] [runtime-status] [32984] Resolved module firebase-functions {"declared":true,"installed":true,"version":"4.4.1","resolution":"C:\\Users\\amax_\\amazon-clone\\functions\\node_modules\\firebase-functions\\lib\\v1\\index.js"} {"metadata":{"emulator":{"name":"functions"},"function":{"name":"us-central1-api"},"extension":{},"message":"[runtime-status] [32984] Resolved module firebase-functions {\"declared\":true,\"installed\":true,\"version\":\"4.4.1\",\"resolution\":\"C:\\\\Users\\\\amax_\\\\amazon-clone\\\\functions\\\\node_modules\\\\firebase-functions\\\\lib\\\\v1\\\\index.js\"}"}}
[debug] [2023-08-23T12:59:01.487Z] [runtime-status] [42904] Resolved module firebase-functions {"declared":true,"installed":true,"version":"4.4.1","resolution":"C:\\Users\\amax_\\amazon-clone\\functions\\node_modules\\firebase-functions\\lib\\v1\\index.js"} {"metadata":{"emulator":{"name":"functions"},"function":{"name":"us-central1-api"},"extension":{},"message":"[runtime-status] [42904] Resolved module firebase-functions {\"declared\":true,\"installed\":true,\"version\":\"4.4.1\",\"resolution\":\"C:\\\\Users\\\\amax_\\\\amazon-clone\\\\functions\\\\node_modules\\\\firebase-functions\\\\lib\\\\v1\\\\index.js\"}"}}
[debug] [2023-08-23T12:59:01.488Z] [runtime-status] [42904] Outgoing network have been stubbed. [{"name":"http","status":"mocked"},{"name":"http","status":"mocked"},{"name":"https","status":"mocked"},{"name":"https","status":"mocked"},{"name":"net","status":"mocked"}] {"metadata":{"emulator":{"name":"functions"},"function":{"name":"us-central1-api"},"extension":{},"message":"[runtime-status] [42904] Outgoing network have been stubbed. [{\"name\":\"http\",\"status\":\"mocked\"},{\"name\":\"http\",\"status\":\"mocked\"},{\"name\":\"https\",\"status\":\"mocked\"},{\"name\":\"https\",\"status\":\"mocked\"},{\"name\":\"net\",\"status\":\"mocked\"}]"}}
[debug] [2023-08-23T12:59:01.490Z] [runtime-status] [42904] Resolved module firebase-functions {"declared":true,"installed":true,"version":"4.4.1","resolution":"C:\\Users\\amax_\\amazon-clone\\functions\\node_modules\\firebase-functions\\lib\\v1\\index.js"} {"metadata":{"emulator":{"name":"functions"},"function":{"name":"us-central1-api"},"extension":{},"message":"[runtime-status] [42904] Resolved module firebase-functions {\"declared\":true,\"installed\":true,\"version\":\"4.4.1\",\"resolution\":\"C:\\\\Users\\\\amax_\\\\amazon-clone\\\\functions\\\\node_modules\\\\firebase-functions\\\\lib\\\\v1\\\\index.js\"}"}}
[debug] [2023-08-23T12:59:01.742Z] [runtime-status] [32984] Checked functions.config() {"config":{}} {"metadata":{"emulator":{"name":"functions"},"function":{"name":"us-central1-api"},"extension":{},"message":"[runtime-status] [32984] Checked functions.config() {\"config\":{}}"}}
[debug] [2023-08-23T12:59:01.742Z] [runtime-status] [42904] Checked functions.config() {"config":{}} {"metadata":{"emulator":{"name":"functions"},"function":{"name":"us-central1-api"},"extension":{},"message":"[runtime-status] [42904] Checked functions.config() {\"config\":{}}"}}
[debug] [2023-08-23T12:59:01.742Z] [runtime-status] [42904] firebase-functions has been stubbed. {"functionsResolution":{"declared":true,"installed":true,"version":"4.4.1","resolution":"C:\\Users\\amax_\\amazon-clone\\functions\\node_modules\\firebase-functions\\lib\\v1\\index.js"}} {"metadata":{"emulator":{"name":"functions"},"function":{"name":"us-central1-api"},"extension":{},"message":"[runtime-status] [42904] firebase-functions has been stubbed. {\"functionsResolution\":{\"declared\":true,\"installed\":true,\"version\":\"4.4.1\",\"resolution\":\"C:\\\\Users\\\\amax_\\\\amazon-clone\\\\functions\\\\node_modules\\\\firebase-functions\\\\lib\\\\v1\\\\index.js\"}}"}}
[debug] [2023-08-23T12:59:01.742Z] [runtime-status] [32984] firebase-functions has been stubbed. {"functionsResolution":{"declared":true,"installed":true,"version":"4.4.1","resolution":"C:\\Users\\amax_\\amazon-clone\\functions\\node_modules\\firebase-functions\\lib\\v1\\index.js"}} {"metadata":{"emulator":{"name":"functions"},"function":{"name":"us-central1-api"},"extension":{},"message":"[runtime-status] [32984] firebase-functions has been stubbed. {\"functionsResolution\":{\"declared\":true,\"installed\":true,\"version\":\"4.4.1\",\"resolution\":\"C:\\\\Users\\\\amax_\\\\amazon-clone\\\\functions\\\\node_modules\\\\firebase-functions\\\\lib\\\\v1\\\\index.js\"}}"}}
[debug] [2023-08-23T12:59:01.743Z] [runtime-status] [32984] Resolved module firebase-functions {"declared":true,"installed":true,"version":"4.4.1","resolution":"C:\\Users\\amax_\\amazon-clone\\functions\\node_modules\\firebase-functions\\lib\\v1\\index.js"} {"metadata":{"emulator":{"name":"functions"},"function":{"name":"us-central1-api"},"extension":{},"message":"[runtime-status] [32984] Resolved module firebase-functions {\"declared\":true,\"installed\":true,\"version\":\"4.4.1\",\"resolution\":\"C:\\\\Users\\\\amax_\\\\amazon-clone\\\\functions\\\\node_modules\\\\firebase-functions\\\\lib\\\\v1\\\\index.js\"}"}}
[debug] [2023-08-23T12:59:01.743Z] [runtime-status] [42904] Resolved module firebase-functions {"declared":true,"installed":true,"version":"4.4.1","resolution":"C:\\Users\\amax_\\amazon-clone\\functions\\node_modules\\firebase-functions\\lib\\v1\\index.js"} {"metadata":{"emulator":{"name":"functions"},"function":{"name":"us-central1-api"},"extension":{},"message":"[runtime-status] [42904] Resolved module firebase-functions {\"declared\":true,\"installed\":true,\"version\":\"4.4.1\",\"resolution\":\"C:\\\\Users\\\\amax_\\\\amazon-clone\\\\functions\\\\node_modules\\\\firebase-functions\\\\lib\\\\v1\\\\index.js\"}"}}
[debug] [2023-08-23T12:59:01.744Z] [runtime-status] [32984] Resolved module firebase-admin {"declared":true,"installed":true,"version":"11.10.1","resolution":"C:\\Users\\amax_\\amazon-clone\\functions\\node_modules\\firebase-admin\\lib\\index.js"} {"metadata":{"emulator":{"name":"functions"},"function":{"name":"us-central1-api"},"extension":{},"message":"[runtime-status] [32984] Resolved module firebase-admin {\"declared\":true,\"installed\":true,\"version\":\"11.10.1\",\"resolution\":\"C:\\\\Users\\\\amax_\\\\amazon-clone\\\\functions\\\\node_modules\\\\firebase-admin\\\\lib\\\\index.js\"}"}}
[debug] [2023-08-23T12:59:01.744Z] [runtime-status] [42904] Resolved module firebase-admin {"declared":true,"installed":true,"version":"11.10.1","resolution":"C:\\Users\\amax_\\amazon-clone\\functions\\node_modules\\firebase-admin\\lib\\index.js"} {"metadata":{"emulator":{"name":"functions"},"function":{"name":"us-central1-api"},"extension":{},"message":"[runtime-status] [42904] Resolved module firebase-admin {\"declared\":true,\"installed\":true,\"version\":\"11.10.1\",\"resolution\":\"C:\\\\Users\\\\amax_\\\\amazon-clone\\\\functions\\\\node_modules\\\\firebase-admin\\\\lib\\\\index.js\"}"}}
[debug] [2023-08-23T12:59:01.748Z] [runtime-status] [32984] Resolved module firebase-functions {"declared":true,"installed":true,"version":"4.4.1","resolution":"C:\\Users\\amax_\\amazon-clone\\functions\\node_modules\\firebase-functions\\lib\\v1\\index.js"} {"metadata":{"emulator":{"name":"functions"},"function":{"name":"us-central1-api"},"extension":{},"message":"[runtime-status] [32984] Resolved module firebase-functions {\"declared\":true,\"installed\":true,\"version\":\"4.4.1\",\"resolution\":\"C:\\\\Users\\\\amax_\\\\amazon-clone\\\\functions\\\\node_modules\\\\firebase-functions\\\\lib\\\\v1\\\\index.js\"}"}}
[debug] [2023-08-23T12:59:01.748Z] [runtime-status] [42904] Resolved module firebase-functions {"declared":true,"installed":true,"version":"4.4.1","resolution":"C:\\Users\\amax_\\amazon-clone\\functions\\node_modules\\firebase-functions\\lib\\v1\\index.js"} {"metadata":{"emulator":{"name":"functions"},"function":{"name":"us-central1-api"},"extension":{},"message":"[runtime-status] [42904] Resolved module firebase-functions {\"declared\":true,\"installed\":true,\"version\":\"4.4.1\",\"resolution\":\"C:\\\\Users\\\\amax_\\\\amazon-clone\\\\functions\\\\node_modules\\\\firebase-functions\\\\lib\\\\v1\\\\index.js\"}"}}
[debug] [2023-08-23T12:59:01.748Z] [runtime-status] [32984] firebase-admin has been stubbed. {"adminResolution":{"declared":true,"installed":true,"version":"11.10.1","resolution":"C:\\Users\\amax_\\amazon-clone\\functions\\node_modules\\firebase-admin\\lib\\index.js"}} {"metadata":{"emulator":{"name":"functions"},"function":{"name":"us-central1-api"},"extension":{},"message":"[runtime-status] [32984] firebase-admin has been stubbed. {\"adminResolution\":{\"declared\":true,\"installed\":true,\"version\":\"11.10.1\",\"resolution\":\"C:\\\\Users\\\\amax_\\\\amazon-clone\\\\functions\\\\node_modules\\\\firebase-admin\\\\lib\\\\index.js\"}}"}}
[debug] [2023-08-23T12:59:01.749Z] [runtime-status] [42904] firebase-admin has been stubbed. {"adminResolution":{"declared":true,"installed":true,"version":"11.10.1","resolution":"C:\\Users\\amax_\\amazon-clone\\functions\\node_modules\\firebase-admin\\lib\\index.js"}} {"metadata":{"emulator":{"name":"functions"},"function":{"name":"us-central1-api"},"extension":{},"message":"[runtime-status] [42904] firebase-admin has been stubbed. {\"adminResolution\":{\"declared\":true,\"installed\":true,\"version\":\"11.10.1\",\"resolution\":\"C:\\\\Users\\\\amax_\\\\amazon-clone\\\\functions\\\\node_modules\\\\firebase-admin\\\\lib\\\\index.js\"}}"}}
[debug] [2023-08-23T12:59:01.955Z] [runtime-status] [42904] Functions runtime initialized. {"cwd":"C:\\Users\\amax_\\amazon-clone\\functions","node_version":"18.14.0"} {"metadata":{"emulator":{"name":"functions"},"function":{"name":"us-central1-api"},"extension":{},"message":"[runtime-status] [42904] Functions runtime initialized. {\"cwd\":\"C:\\\\Users\\\\amax_\\\\amazon-clone\\\\functions\",\"node_version\":\"18.14.0\"}"}}
[debug] [2023-08-23T12:59:01.955Z] [runtime-status] [32984] Functions runtime initialized. {"cwd":"C:\\Users\\amax_\\amazon-clone\\functions","node_version":"18.14.0"} {"metadata":{"emulator":{"name":"functions"},"function":{"name":"us-central1-api"},"extension":{},"message":"[runtime-status] [32984] Functions runtime initialized. {\"cwd\":\"C:\\\\Users\\\\amax_\\\\amazon-clone\\\\functions\",\"node_version\":\"18.14.0\"}"}}
[debug] [2023-08-23T12:59:01.955Z] [runtime-status] [32984] Listening to port: \\?\pipe\fire_emu_603222dae501224d {"metadata":{"emulator":{"name":"functions"},"function":{"name":"us-central1-api"},"extension":{},"message":"[runtime-status] [32984] Listening to port: \\\\?\\pipe\\fire_emu_603222dae501224d"}}
[debug] [2023-08-23T12:59:01.955Z] [runtime-status] [42904] Listening to port: \\?\pipe\fire_emu_a21bcc852a482c0c {"metadata":{"emulator":{"name":"functions"},"function":{"name":"us-central1-api"},"extension":{},"message":"[runtime-status] [42904] Listening to port: \\\\?\\pipe\\fire_emu_a21bcc852a482c0c"}}
[debug] [2023-08-23T12:59:02.066Z] [worker-us-central1-api-28fe78ab-428c-409f-91d9-aba5a33473f2]: IDLE {"metadata":{"emulator":{"name":"functions"},"function":{"name":"us-central1-api"},"extension":{},"message":"[worker-us-central1-api-28fe78ab-428c-409f-91d9-aba5a33473f2]: IDLE"}}
[debug] [2023-08-23T12:59:02.068Z] [worker-pool] submitRequest(triggerId=us-central1-api) {"metadata":{"emulator":{"name":"functions"},"message":"[worker-pool] submitRequest(triggerId=us-central1-api)"}}
[info] i  functions: Beginning execution of "us-central1-api" {"metadata":{"emulator":{"name":"functions"},"function":{"name":"us-central1-api"},"extension":{},"message":"Beginning execution of \"us-central1-api\""}}
[debug] [2023-08-23T12:59:02.071Z] [worker-us-central1-api-28fe78ab-428c-409f-91d9-aba5a33473f2]: BUSY {"metadata":{"emulator":{"name":"functions"},"function":{"name":"us-central1-api"},"extension":{},"message":"[worker-us-central1-api-28fe78ab-428c-409f-91d9-aba5a33473f2]: BUSY"}}
[debug] [2023-08-23T12:59:02.076Z] [worker-us-central1-api-bc7a1fe4-ffc5-4c14-91f0-0549dd56906c]: IDLE {"metadata":{"emulator":{"name":"functions"},"function":{"name":"us-central1-api"},"extension":{},"message":"[worker-us-central1-api-bc7a1fe4-ffc5-4c14-91f0-0549dd56906c]: IDLE"}}
[debug] [2023-08-23T12:59:02.077Z] [worker-pool] submitRequest(triggerId=us-central1-api) {"metadata":{"emulator":{"name":"functions"},"message":"[worker-pool] submitRequest(triggerId=us-central1-api)"}}
[info] i  functions: Beginning execution of "us-central1-api" {"metadata":{"emulator":{"name":"functions"},"function":{"name":"us-central1-api"},"extension":{},"message":"Beginning execution of \"us-central1-api\""}}
[debug] [2023-08-23T12:59:02.078Z] [worker-us-central1-api-bc7a1fe4-ffc5-4c14-91f0-0549dd56906c]: BUSY {"metadata":{"emulator":{"name":"functions"},"function":{"name":"us-central1-api"},"extension":{},"message":"[worker-us-central1-api-bc7a1fe4-ffc5-4c14-91f0-0549dd56906c]: BUSY"}}
[debug] [2023-08-23T12:59:03.292Z] Finishing up request with event=pause {"metadata":{"emulator":{"name":"functions"},"function":{"name":"us-central1-api"},"extension":{},"message":"Finishing up request with event=pause"}}
[info] i  functions: Finished "us-central1-api" in 1221.2912000000001ms {"metadata":{"emulator":{"name":"functions"},"function":{"name":"us-central1-api"},"extension":{},"message":"Finished \"us-central1-api\" in 1221.2912000000001ms"}}
[debug] [2023-08-23T12:59:03.293Z] [worker-us-central1-api-28fe78ab-428c-409f-91d9-aba5a33473f2]: IDLE {"metadata":{"emulator":{"name":"functions"},"function":{"name":"us-central1-api"},"extension":{},"message":"[worker-us-central1-api-28fe78ab-428c-409f-91d9-aba5a33473f2]: IDLE"}}
[debug] [2023-08-23T12:59:03.293Z] Finishing up request with event=finish {"metadata":{"emulator":{"name":"functions"},"function":{"name":"us-central1-api"},"extension":{},"message":"Finishing up request with event=finish"}}
[debug] [2023-08-23T12:59:03.293Z] Finishing up request with event=close {"metadata":{"emulator":{"name":"functions"},"function":{"name":"us-central1-api"},"extension":{},"message":"Finishing up request with event=close"}}
[debug] [2023-08-23T12:59:03.293Z] [work-queue] {"queuedWork":[],"queueLength":0,"runningWork":["/clone-8795b/us-central1/api/payments/create-2023-08-23T12:59:00.152Z"],"workRunningCount":1}
[debug] [2023-08-23T12:59:03.294Z] Finishing up request with event=pause {"metadata":{"emulator":{"name":"functions"},"function":{"name":"us-central1-api"},"extension":{},"message":"Finishing up request with event=pause"}}
[info] i  functions: Finished "us-central1-api" in 1216.4258ms {"metadata":{"emulator":{"name":"functions"},"function":{"name":"us-central1-api"},"extension":{},"message":"Finished \"us-central1-api\" in 1216.4258ms"}}
[debug] [2023-08-23T12:59:03.295Z] [worker-us-central1-api-bc7a1fe4-ffc5-4c14-91f0-0549dd56906c]: IDLE {"metadata":{"emulator":{"name":"functions"},"function":{"name":"us-central1-api"},"extension":{},"message":"[worker-us-central1-api-bc7a1fe4-ffc5-4c14-91f0-0549dd56906c]: IDLE"}}
[debug] [2023-08-23T12:59:03.295Z] Finishing up request with event=finish {"metadata":{"emulator":{"name":"functions"},"function":{"name":"us-central1-api"},"extension":{},"message":"Finishing up request with event=finish"}}
[debug] [2023-08-23T12:59:03.295Z] Finishing up request with event=close {"metadata":{"emulator":{"name":"functions"},"function":{"name":"us-central1-api"},"extension":{},"message":"Finishing up request with event=close"}}
[debug] [2023-08-23T12:59:03.295Z] [work-queue] {"queuedWork":[],"queueLength":0,"runningWork":[],"workRunningCount":0}
[debug] [2023-08-23T15:08:31.117Z] [work-queue] {"queuedWork":["/clone-8795b/us-central1/api/payments/create-2023-08-23T15:08:31.117Z"],"queueLength":1,"runningWork":[],"workRunningCount":0}
[debug] [2023-08-23T15:08:31.118Z] [work-queue] {"queuedWork":[],"queueLength":0,"runningWork":["/clone-8795b/us-central1/api/payments/create-2023-08-23T15:08:31.117Z"],"workRunningCount":1}
[debug] [2023-08-23T15:08:31.119Z] Accepted request POST /clone-8795b/us-central1/api/payments/create?total=109500 --> us-central1-api
[debug] [2023-08-23T15:08:31.125Z] [functions] Runtime ready! Sending request! {"metadata":{"emulator":{"name":"functions"},"message":"[functions] Runtime ready! Sending request!"}}
[debug] [2023-08-23T15:08:31.126Z] [functions] Got req.url=/clone-8795b/us-central1/api/payments/create?total=109500, mapping to path=/payments/create?total=109500 {"metadata":{"emulator":{"name":"functions"},"message":"[functions] Got req.url=/clone-8795b/us-central1/api/payments/create?total=109500, mapping to path=/payments/create?total=109500"}}
[debug] [2023-08-23T15:08:31.126Z] [worker-pool] submitRequest(triggerId=us-central1-api) {"metadata":{"emulator":{"name":"functions"},"message":"[worker-pool] submitRequest(triggerId=us-central1-api)"}}
[info] i  functions: Beginning execution of "us-central1-api" {"metadata":{"emulator":{"name":"functions"},"function":{"name":"us-central1-api"},"extension":{},"message":"Beginning execution of \"us-central1-api\""}}
[debug] [2023-08-23T15:08:31.127Z] [worker-us-central1-api-bc7a1fe4-ffc5-4c14-91f0-0549dd56906c]: BUSY {"metadata":{"emulator":{"name":"functions"},"function":{"name":"us-central1-api"},"extension":{},"message":"[worker-us-central1-api-bc7a1fe4-ffc5-4c14-91f0-0549dd56906c]: BUSY"}}
[debug] [2023-08-23T15:08:31.131Z] [work-queue] {"queuedWork":["/clone-8795b/us-central1/api/payments/create-2023-08-23T15:08:31.131Z"],"queueLength":1,"runningWork":["/clone-8795b/us-central1/api/payments/create-2023-08-23T15:08:31.117Z"],"workRunningCount":1}
[debug] [2023-08-23T15:08:31.131Z] [work-queue] {"queuedWork":[],"queueLength":0,"runningWork":["/clone-8795b/us-central1/api/payments/create-2023-08-23T15:08:31.117Z","/clone-8795b/us-central1/api/payments/create-2023-08-23T15:08:31.131Z"],"workRunningCount":2}
[debug] [2023-08-23T15:08:31.131Z] Accepted request POST /clone-8795b/us-central1/api/payments/create?total=109500 --> us-central1-api
[debug] [2023-08-23T15:08:31.135Z] [functions] Runtime ready! Sending request! {"metadata":{"emulator":{"name":"functions"},"message":"[functions] Runtime ready! Sending request!"}}
[debug] [2023-08-23T15:08:31.135Z] [functions] Got req.url=/clone-8795b/us-central1/api/payments/create?total=109500, mapping to path=/payments/create?total=109500 {"metadata":{"emulator":{"name":"functions"},"message":"[functions] Got req.url=/clone-8795b/us-central1/api/payments/create?total=109500, mapping to path=/payments/create?total=109500"}}
[debug] [2023-08-23T15:08:31.136Z] [worker-pool] submitRequest(triggerId=us-central1-api) {"metadata":{"emulator":{"name":"functions"},"message":"[worker-pool] submitRequest(triggerId=us-central1-api)"}}
[info] i  functions: Beginning execution of "us-central1-api" {"metadata":{"emulator":{"name":"functions"},"function":{"name":"us-central1-api"},"extension":{},"message":"Beginning execution of \"us-central1-api\""}}
[debug] [2023-08-23T15:08:31.139Z] [worker-us-central1-api-28fe78ab-428c-409f-91d9-aba5a33473f2]: BUSY {"metadata":{"emulator":{"name":"functions"},"function":{"name":"us-central1-api"},"extension":{},"message":"[worker-us-central1-api-28fe78ab-428c-409f-91d9-aba5a33473f2]: BUSY"}}
[debug] [2023-08-23T15:08:32.199Z] Finishing up request with event=pause {"metadata":{"emulator":{"name":"functions"},"function":{"name":"us-central1-api"},"extension":{},"message":"Finishing up request with event=pause"}}
[info] i  functions: Finished "us-central1-api" in 1061.1035ms {"metadata":{"emulator":{"name":"functions"},"function":{"name":"us-central1-api"},"extension":{},"message":"Finished \"us-central1-api\" in 1061.1035ms"}}
[debug] [2023-08-23T15:08:32.200Z] [worker-us-central1-api-28fe78ab-428c-409f-91d9-aba5a33473f2]: IDLE {"metadata":{"emulator":{"name":"functions"},"function":{"name":"us-central1-api"},"extension":{},"message":"[worker-us-central1-api-28fe78ab-428c-409f-91d9-aba5a33473f2]: IDLE"}}
[debug] [2023-08-23T15:08:32.201Z] Finishing up request with event=finish {"metadata":{"emulator":{"name":"functions"},"function":{"name":"us-central1-api"},"extension":{},"message":"Finishing up request with event=finish"}}
[debug] [2023-08-23T15:08:32.201Z] Finishing up request with event=close {"metadata":{"emulator":{"name":"functions"},"function":{"name":"us-central1-api"},"extension":{},"message":"Finishing up request with event=close"}}
[debug] [2023-08-23T15:08:32.201Z] [work-queue] {"queuedWork":[],"queueLength":0,"runningWork":["/clone-8795b/us-central1/api/payments/create-2023-08-23T15:08:31.117Z"],"workRunningCount":1}
[debug] [2023-08-23T15:08:32.228Z] Finishing up request with event=pause {"metadata":{"emulator":{"name":"functions"},"function":{"name":"us-central1-api"},"extension":{},"message":"Finishing up request with event=pause"}}
[info] i  functions: Finished "us-central1-api" in 1101.5234ms {"metadata":{"emulator":{"name":"functions"},"function":{"name":"us-central1-api"},"extension":{},"message":"Finished \"us-central1-api\" in 1101.5234ms"}}
[debug] [2023-08-23T15:08:32.229Z] [worker-us-central1-api-bc7a1fe4-ffc5-4c14-91f0-0549dd56906c]: IDLE {"metadata":{"emulator":{"name":"functions"},"function":{"name":"us-central1-api"},"extension":{},"message":"[worker-us-central1-api-bc7a1fe4-ffc5-4c14-91f0-0549dd56906c]: IDLE"}}
[debug] [2023-08-23T15:08:32.229Z] Finishing up request with event=finish {"metadata":{"emulator":{"name":"functions"},"function":{"name":"us-central1-api"},"extension":{},"message":"Finishing up request with event=finish"}}
[debug] [2023-08-23T15:08:32.230Z] Finishing up request with event=close {"metadata":{"emulator":{"name":"functions"},"function":{"name":"us-central1-api"},"extension":{},"message":"Finishing up request with event=close"}}
[debug] [2023-08-23T15:08:32.230Z] [work-queue] {"queuedWork":[],"queueLength":0,"runningWork":[],"workRunningCount":0}
[debug] [2023-08-23T15:31:46.892Z] [work-queue] {"queuedWork":["/clone-8795b/us-central1/api/payments/create-2023-08-23T15:31:46.892Z"],"queueLength":1,"runningWork":[],"workRunningCount":0}
[debug] [2023-08-23T15:31:46.892Z] [work-queue] {"queuedWork":[],"queueLength":0,"runningWork":["/clone-8795b/us-central1/api/payments/create-2023-08-23T15:31:46.892Z"],"workRunningCount":1}
[debug] [2023-08-23T15:31:46.892Z] Accepted request POST /clone-8795b/us-central1/api/payments/create?total=6000 --> us-central1-api
[debug] [2023-08-23T15:31:46.895Z] [functions] Runtime ready! Sending request! {"metadata":{"emulator":{"name":"functions"},"message":"[functions] Runtime ready! Sending request!"}}
[debug] [2023-08-23T15:31:46.895Z] [functions] Got req.url=/clone-8795b/us-central1/api/payments/create?total=6000, mapping to path=/payments/create?total=6000 {"metadata":{"emulator":{"name":"functions"},"message":"[functions] Got req.url=/clone-8795b/us-central1/api/payments/create?total=6000, mapping to path=/payments/create?total=6000"}}
[debug] [2023-08-23T15:31:46.895Z] [worker-pool] submitRequest(triggerId=us-central1-api) {"metadata":{"emulator":{"name":"functions"},"message":"[worker-pool] submitRequest(triggerId=us-central1-api)"}}
[info] i  functions: Beginning execution of "us-central1-api" {"metadata":{"emulator":{"name":"functions"},"function":{"name":"us-central1-api"},"extension":{},"message":"Beginning execution of \"us-central1-api\""}}
[debug] [2023-08-23T15:31:46.895Z] [worker-us-central1-api-bc7a1fe4-ffc5-4c14-91f0-0549dd56906c]: BUSY {"metadata":{"emulator":{"name":"functions"},"function":{"name":"us-central1-api"},"extension":{},"message":"[worker-us-central1-api-bc7a1fe4-ffc5-4c14-91f0-0549dd56906c]: BUSY"}}
[debug] [2023-08-23T15:31:46.896Z] [work-queue] {"queuedWork":["/clone-8795b/us-central1/api/payments/create-2023-08-23T15:31:46.896Z"],"queueLength":1,"runningWork":["/clone-8795b/us-central1/api/payments/create-2023-08-23T15:31:46.892Z"],"workRunningCount":1}
[debug] [2023-08-23T15:31:46.896Z] [work-queue] {"queuedWork":[],"queueLength":0,"runningWork":["/clone-8795b/us-central1/api/payments/create-2023-08-23T15:31:46.892Z","/clone-8795b/us-central1/api/payments/create-2023-08-23T15:31:46.896Z"],"workRunningCount":2}
[debug] [2023-08-23T15:31:46.897Z] Accepted request POST /clone-8795b/us-central1/api/payments/create?total=6000 --> us-central1-api
[debug] [2023-08-23T15:31:46.899Z] [functions] Runtime ready! Sending request! {"metadata":{"emulator":{"name":"functions"},"message":"[functions] Runtime ready! Sending request!"}}
[debug] [2023-08-23T15:31:46.899Z] [functions] Got req.url=/clone-8795b/us-central1/api/payments/create?total=6000, mapping to path=/payments/create?total=6000 {"metadata":{"emulator":{"name":"functions"},"message":"[functions] Got req.url=/clone-8795b/us-central1/api/payments/create?total=6000, mapping to path=/payments/create?total=6000"}}
[debug] [2023-08-23T15:31:46.900Z] [worker-pool] submitRequest(triggerId=us-central1-api) {"metadata":{"emulator":{"name":"functions"},"message":"[worker-pool] submitRequest(triggerId=us-central1-api)"}}
[info] i  functions: Beginning execution of "us-central1-api" {"metadata":{"emulator":{"name":"functions"},"function":{"name":"us-central1-api"},"extension":{},"message":"Beginning execution of \"us-central1-api\""}}
[debug] [2023-08-23T15:31:46.900Z] [worker-us-central1-api-28fe78ab-428c-409f-91d9-aba5a33473f2]: BUSY {"metadata":{"emulator":{"name":"functions"},"function":{"name":"us-central1-api"},"extension":{},"message":"[worker-us-central1-api-28fe78ab-428c-409f-91d9-aba5a33473f2]: BUSY"}}
[debug] [2023-08-23T15:31:47.971Z] Finishing up request with event=pause {"metadata":{"emulator":{"name":"functions"},"function":{"name":"us-central1-api"},"extension":{},"message":"Finishing up request with event=pause"}}
[info] i  functions: Finished "us-central1-api" in 1071.2425ms {"metadata":{"emulator":{"name":"functions"},"function":{"name":"us-central1-api"},"extension":{},"message":"Finished \"us-central1-api\" in 1071.2425ms"}}
[debug] [2023-08-23T15:31:47.972Z] [worker-us-central1-api-28fe78ab-428c-409f-91d9-aba5a33473f2]: IDLE {"metadata":{"emulator":{"name":"functions"},"function":{"name":"us-central1-api"},"extension":{},"message":"[worker-us-central1-api-28fe78ab-428c-409f-91d9-aba5a33473f2]: IDLE"}}
[debug] [2023-08-23T15:31:47.972Z] Finishing up request with event=finish {"metadata":{"emulator":{"name":"functions"},"function":{"name":"us-central1-api"},"extension":{},"message":"Finishing up request with event=finish"}}
[debug] [2023-08-23T15:31:47.972Z] Finishing up request with event=close {"metadata":{"emulator":{"name":"functions"},"function":{"name":"us-central1-api"},"extension":{},"message":"Finishing up request with event=close"}}
[debug] [2023-08-23T15:31:47.973Z] [work-queue] {"queuedWork":[],"queueLength":0,"runningWork":["/clone-8795b/us-central1/api/payments/create-2023-08-23T15:31:46.892Z"],"workRunningCount":1}
[debug] [2023-08-23T15:31:47.974Z] Finishing up request with event=pause {"metadata":{"emulator":{"name":"functions"},"function":{"name":"us-central1-api"},"extension":{},"message":"Finishing up request with event=pause"}}
[info] i  functions: Finished "us-central1-api" in 1078.713ms {"metadata":{"emulator":{"name":"functions"},"function":{"name":"us-central1-api"},"extension":{},"message":"Finished \"us-central1-api\" in 1078.713ms"}}
[debug] [2023-08-23T15:31:47.974Z] [worker-us-central1-api-bc7a1fe4-ffc5-4c14-91f0-0549dd56906c]: IDLE {"metadata":{"emulator":{"name":"functions"},"function":{"name":"us-central1-api"},"extension":{},"message":"[worker-us-central1-api-bc7a1fe4-ffc5-4c14-91f0-0549dd56906c]: IDLE"}}
[debug] [2023-08-23T15:31:47.975Z] Finishing up request with event=finish {"metadata":{"emulator":{"name":"functions"},"function":{"name":"us-central1-api"},"extension":{},"message":"Finishing up request with event=finish"}}
[debug] [2023-08-23T15:31:47.975Z] Finishing up request with event=close {"metadata":{"emulator":{"name":"functions"},"function":{"name":"us-central1-api"},"extension":{},"message":"Finishing up request with event=close"}}
[debug] [2023-08-23T15:31:47.975Z] [work-queue] {"queuedWork":[],"queueLength":0,"runningWork":[],"workRunningCount":0}
